<?xml version="1.0" encoding="UTF-8"?>
<!-- Generated by org.testng.reporters.JUnitReportReporter -->
<testsuite skipped="0" hostname="MAVLT1082" name="runner.TestRunner" tests="5" failures="0" timestamp="2021-10-24T17:52:51 IST" time="75.638" errors="0">
  <testcase name="runScenario" time="13.861" classname="runner.TestRunner"/>
  <system-out/>
  <testcase name="runScenario" time="12.581" classname="runner.TestRunner"/>
  <system-out/>
  <testcase name="runScenario" time="14.138" classname="runner.TestRunner"/>
  <system-out/>
  <testcase name="runScenario" time="14.533" classname="runner.TestRunner"/>
  <system-out/>
  <testcase name="runScenario" time="20.525" classname="runner.TestRunner"/>
  <system-out/>
</testsuite> <!-- runner.TestRunner -->
